Ansys Lumerical 2020 R2 Variational FDTD Solver Version 7.16.2387 (Windows 64bit)
 expires (month/day/year): 12/31/2035
using config file: Ansys Licensing set with ANSYSLMD_LICENSE_FILE
license host: 
current time: Tue Apr  8 22:11:39 2025
Running on host: Justin
All processes are communicating and ready to proceed to simulation...
Running lms file: C:\Program Files\Lumerical\v202\bin\varfdtd-engine-msmpi.exe -t 1 -remote C:/Users/justi/Jac ITB/ITB Semester 6/Optoelektronika/Perancangan Ring Resonator/ring filter demux - Copy.lms
Starting meshing
Simulation size in gridpoints: 1 x 64 x 1
Refined 0 mesh cells (0%)
Completed meshing!
Meshing complete in 0.015625 seconds of CPU time
Starting meshing
Simulation size in gridpoints: 1 x 64 x 1
Refined 0 mesh cells (0%)
Completed meshing!
Meshing complete in 0 seconds of CPU time
Starting meshing
Simulation size in gridpoints: 1 x 64 x 1
Refined 0 mesh cells (0%)
Completed meshing!
Meshing complete in 0 seconds of CPU time
Starting meshing
Simulation size in gridpoints: 1 x 64 x 1
Refined 0 mesh cells (0%)
Completed meshing!
Meshing complete in 0 seconds of CPU time
Starting meshing
Simulation size in gridpoints: 1 x 64 x 1
Refined 0 mesh cells (0%)
Completed meshing!
Meshing complete in 0 seconds of CPU time
Starting meshing
Simulation size in gridpoints: 1 x 64 x 1
Refined 0 mesh cells (0%)
Completed meshing!
Meshing complete in 0 seconds of CPU time
Starting meshing
Simulation size in gridpoints: 1 x 51 x 1
Refined 0 mesh cells (0%)
Completed meshing!
Meshing complete in 0 seconds of CPU time
Starting meshing
Simulation size in gridpoints: 1 x 51 x 1
Refined 0 mesh cells (0%)
Completed meshing!
Meshing complete in 0 seconds of CPU time
Starting meshing
Simulation size in gridpoints: 1 x 51 x 1
Refined 0 mesh cells (0%)
Completed meshing!
Meshing complete in 0 seconds of CPU time
number of processors is 12
processors are distributed as: 6x2x1
Running TE Simulation
Starting meshing
Simulation size in gridpoints: 380 x 358 x 1
Refined 0 mesh cells (0%)
Completed meshing!
Meshing complete in 0.25 seconds of CPU time
0 0
Starting meshing
Simulation size in gridpoints: 380 x 358 x 1
Refined 0 mesh cells (0%)
Completed meshing!
Meshing complete in 0.265625 seconds of CPU time
0 0
finished material properties
Selected kernel with optimization level: 0 and split-field propagation direction: 0
-----------------------------------------
Beginning initialization of TE Simulation
Starting to add sources to simulation
Adding TE Mode Source propagating in X
Adding TE Mode Source propagating in X
Adding TE Mode Source propagating in X
Starting to add boundary conditions to simulation
Adding TE PML BC
Adding TE parallel BC
Adding TE PML BC
Adding TE parallel BC
Starting to add monitors to Simulation
Adding analysis monitor
Adding TE DFT monitor
Adding TE DFT monitor
Adding TE Time monitor
Adding TE DFT monitor
Adding TE DFT monitor
Adding TE DFT monitor
Adding TE Time monitor
Adding TE Time monitor
Adding TE DFT monitor
Adding TE DFT monitor
Finished initialization of TE Simulation
-----------------------------------------
All processes are communicating and ready to proceed to simulation...
Starting 65739 total iterations
0% complete. Max time remaining: 6 mins, 35 secs. Auto Shutoff: 1
1% complete. Max time remaining: 6 mins, 37 secs. Auto Shutoff: 1
2% complete. Max time remaining: 6 mins, 39 secs. Auto Shutoff: 1
3% complete. Max time remaining: 6 mins, 47 secs. Auto Shutoff: 1
4% complete. Max time remaining: 6 mins, 46 secs. Auto Shutoff: 1
5% complete. Max time remaining: 6 mins, 44 secs. Auto Shutoff: 1.64996
6% complete. Max time remaining: 6 mins, 39 secs. Auto Shutoff: 2.17303
7% complete. Max time remaining: 6 mins, 33 secs. Auto Shutoff: 2.05372
8% complete. Max time remaining: 6 mins, 30 secs. Auto Shutoff: 1.95249
9% complete. Max time remaining: 6 mins, 25 secs. Auto Shutoff: 1.95077
10% complete. Max time remaining: 6 mins, 22 secs. Auto Shutoff: 1.717
11% complete. Max time remaining: 6 mins, 17 secs. Auto Shutoff: 1.22934
12% complete. Max time remaining: 6 mins, 14 secs. Auto Shutoff: 0.918579
13% complete. Max time remaining: 6 mins, 9 secs. Auto Shutoff: 0.760697
14% complete. Max time remaining: 6 mins, 5 secs. Auto Shutoff: 0.543697
15% complete. Max time remaining: 6 mins, 3 secs. Auto Shutoff: 0.456123
16% complete. Max time remaining: 6 mins, 4 secs. Auto Shutoff: 0.413577
17% complete. Max time remaining: 6 mins, 2 secs. Auto Shutoff: 0.40248
18% complete. Max time remaining: 6 mins, 0 secs. Auto Shutoff: 0.360651
19% complete. Max time remaining: 6 mins, 1 secs. Auto Shutoff: 0.299592
20% complete. Max time remaining: 5 mins, 58 secs. Auto Shutoff: 0.28207
21% complete. Max time remaining: 5 mins, 55 secs. Auto Shutoff: 0.246264
22% complete. Max time remaining: 5 mins, 51 secs. Auto Shutoff: 0.195439
23% complete. Max time remaining: 5 mins, 46 secs. Auto Shutoff: 0.177576
24% complete. Max time remaining: 5 mins, 44 secs. Auto Shutoff: 0.166818
25% complete. Max time remaining: 5 mins, 40 secs. Auto Shutoff: 0.149007
26% complete. Max time remaining: 5 mins, 36 secs. Auto Shutoff: 0.122239
27% complete. Max time remaining: 5 mins, 33 secs. Auto Shutoff: 0.109379
28% complete. Max time remaining: 5 mins, 30 secs. Auto Shutoff: 0.10492
29% complete. Max time remaining: 5 mins, 25 secs. Auto Shutoff: 0.0819875
30% complete. Max time remaining: 5 mins, 19 secs. Auto Shutoff: 0.0715959
31% complete. Max time remaining: 5 mins, 15 secs. Auto Shutoff: 0.0698137
32% complete. Max time remaining: 5 mins, 10 secs. Auto Shutoff: 0.0620463
33% complete. Max time remaining: 5 mins, 6 secs. Auto Shutoff: 0.0548526
34% complete. Max time remaining: 4 mins, 60 secs. Auto Shutoff: 0.0465495
35% complete. Max time remaining: 4 mins, 57 secs. Auto Shutoff: 0.044472
36% complete. Max time remaining: 4 mins, 54 secs. Auto Shutoff: 0.03553
37% complete. Max time remaining: 4 mins, 48 secs. Auto Shutoff: 0.030482
38% complete. Max time remaining: 4 mins, 44 secs. Auto Shutoff: 0.0278973
39% complete. Max time remaining: 4 mins, 38 secs. Auto Shutoff: 0.0246873
40% complete. Max time remaining: 4 mins, 34 secs. Auto Shutoff: 0.0221209
41% complete. Max time remaining: 4 mins, 28 secs. Auto Shutoff: 0.0201277
42% complete. Max time remaining: 4 mins, 24 secs. Auto Shutoff: 0.0193145
43% complete. Max time remaining: 4 mins, 19 secs. Auto Shutoff: 0.0167817
44% complete. Max time remaining: 4 mins, 13 secs. Auto Shutoff: 0.0139563
45% complete. Max time remaining: 4 mins, 10 secs. Auto Shutoff: 0.0129017
46% complete. Max time remaining: 4 mins, 6 secs. Auto Shutoff: 0.0106781
47% complete. Max time remaining: 4 mins, 3 secs. Auto Shutoff: 0.0109426
48% complete. Max time remaining: 3 mins, 59 secs. Auto Shutoff: 0.0090787
49% complete. Max time remaining: 3 mins, 55 secs. Auto Shutoff: 0.00833609
50% complete. Max time remaining: 3 mins, 50 secs. Auto Shutoff: 0.00719607
51% complete. Max time remaining: 3 mins, 46 secs. Auto Shutoff: 0.00696865
52% complete. Max time remaining: 3 mins, 42 secs. Auto Shutoff: 0.00664543
53% complete. Max time remaining: 3 mins, 37 secs. Auto Shutoff: 0.00608894
54% complete. Max time remaining: 3 mins, 33 secs. Auto Shutoff: 0.00536021
55% complete. Max time remaining: 3 mins, 29 secs. Auto Shutoff: 0.00472187
56% complete. Max time remaining: 3 mins, 23 secs. Auto Shutoff: 0.00429525
57% complete. Max time remaining: 3 mins, 19 secs. Auto Shutoff: 0.00429495
58% complete. Max time remaining: 3 mins, 13 secs. Auto Shutoff: 0.00374615
59% complete. Max time remaining: 3 mins, 7 secs. Auto Shutoff: 0.00350486
60% complete. Max time remaining: 3 mins, 4 secs. Auto Shutoff: 0.00315543
61% complete. Max time remaining: 2 mins, 58 secs. Auto Shutoff: 0.00314523
62% complete. Max time remaining: 2 mins, 54 secs. Auto Shutoff: 0.00282546
63% complete. Max time remaining: 2 mins, 49 secs. Auto Shutoff: 0.00274639
64% complete. Max time remaining: 2 mins, 45 secs. Auto Shutoff: 0.00277068
65% complete. Max time remaining: 2 mins, 40 secs. Auto Shutoff: 0.0024343
66% complete. Max time remaining: 2 mins, 34 secs. Auto Shutoff: 0.00211963
67% complete. Max time remaining: 2 mins, 30 secs. Auto Shutoff: 0.0018887
68% complete. Max time remaining: 2 mins, 25 secs. Auto Shutoff: 0.00173396
69% complete. Max time remaining: 2 mins, 21 secs. Auto Shutoff: 0.00173762
70% complete. Max time remaining: 2 mins, 16 secs. Auto Shutoff: 0.00172495
71% complete. Max time remaining: 2 mins, 12 secs. Auto Shutoff: 0.0016013
72% complete. Max time remaining: 2 mins, 6 secs. Auto Shutoff: 0.00148788
73% complete. Max time remaining: 2 mins, 1 secs. Auto Shutoff: 0.00132418
74% complete. Max time remaining: 1 min, 57 secs. Auto Shutoff: 0.00118213
75% complete. Max time remaining: 1 min, 52 secs. Auto Shutoff: 0.00115691
76% complete. Max time remaining: 1 min, 48 secs. Auto Shutoff: 0.00111217
77% complete. Max time remaining: 1 min, 43 secs. Auto Shutoff: 0.00112427
78% complete. Max time remaining: 1 min, 39 secs. Auto Shutoff: 0.00108191
79% complete. Max time remaining: 1 min, 34 secs. Auto Shutoff: 0.000900137
80% complete. Max time remaining: 1 min, 30 secs. Auto Shutoff: 0.000865922
81% complete. Max time remaining: 1 min, 25 secs. Auto Shutoff: 0.000804763
82% complete. Max time remaining: 1 min, 20 secs. Auto Shutoff: 0.000754878
83% complete. Max time remaining: 1 min, 16 secs. Auto Shutoff: 0.000660657
84% complete. Max time remaining: 1 min, 11 secs. Auto Shutoff: 0.000777824
85% complete. Max time remaining: 1 min, 7 secs. Auto Shutoff: 0.000639373
86% complete. Max time remaining: 1 min, 2 secs. Auto Shutoff: 0.000654293
87% complete. Max time remaining: 58 secs. Auto Shutoff: 0.000587008
88% complete. Max time remaining: 53 secs. Auto Shutoff: 0.000483611
89% complete. Max time remaining: 48 secs. Auto Shutoff: 0.000483582
90% complete. Max time remaining: 44 secs. Auto Shutoff: 0.000502222
91% complete. Max time remaining: 39 secs. Auto Shutoff: 0.000491209
92% complete. Max time remaining: 36 secs. Auto Shutoff: 0.00046046
93% complete. Max time remaining: 30 secs. Auto Shutoff: 0.000425454
94% complete. Max time remaining: 27 secs. Auto Shutoff: 0.000451206
95% complete. Max time remaining: 22 secs. Auto Shutoff: 0.000340679
96% complete. Max time remaining: 16 secs. Auto Shutoff: 0.000353966
97% complete. Max time remaining: 13 secs. Auto Shutoff: 0.000315569
98% complete. Max time remaining: 8 secs. Auto Shutoff: 0.00034685
99% complete. Max time remaining: 4 secs. Auto Shutoff: 0.000304794
Completed 65739 iterations, or 4.99997e-12s of Simulation Time
Process 0 starting to collect data
    collecting monitor data
    collecting source data
Finished collecting data
Simulation completed successfully at: Tue Apr  8 22:19:15 2025
Overall wall time measurements in seconds:
    time to mesh and initialize: 7
    time to run FDTD simulation: 448
    time to finalize data and save to files: 1
    FDTD solver speed: 0 Mnodes/s
    total FDTD solver speed on 12 processes: 0 Mnodes/s
